Wed Mar 29 21:29:23 2023: Log opened.
Wed Mar 29 21:29:23 2023: File: C:\Users\User\Desktop\CURS III SEM II\IITI\Lab6\Files_6-20230329\NTUSER.DAT
Wed Mar 29 21:29:23 2023: Environment set up.
Wed Mar 29 21:29:23 2023: Parsed Plugins file ntuser
Wed Mar 29 21:29:23 2023: Launching acmru v.20080324
Wed Mar 29 21:29:23 2023: 0 plugins completed with errors.
Wed Mar 29 21:29:23 2023: acmru complete.
Wed Mar 29 21:29:23 2023: Launching adoberdr v.20150717
Wed Mar 29 21:29:23 2023: 0 plugins completed with errors.
Wed Mar 29 21:29:23 2023: adoberdr complete.
Wed Mar 29 21:29:23 2023: Launching aim plugin v.20080325
Wed Mar 29 21:29:23 2023: Software\America Online\AOL Instant Messenger (TM)\CurrentVersion\Users not found.
Wed Mar 29 21:29:23 2023: 0 plugins completed with errors.
Wed Mar 29 21:29:23 2023: aim complete.
Wed Mar 29 21:29:23 2023: Launching aports v.20110204
Wed Mar 29 21:29:23 2023: Software\SmartLine Vision\aports not found.
Wed Mar 29 21:29:23 2023: 0 plugins completed with errors.
Wed Mar 29 21:29:23 2023: aports complete.
Wed Mar 29 21:29:23 2023: Launching appcompatflags v.20130930
Wed Mar 29 21:29:23 2023: 0 plugins completed with errors.
Wed Mar 29 21:29:23 2023: appcompatflags complete.
Wed Mar 29 21:29:23 2023: Launching applets v.20140723
Wed Mar 29 21:29:23 2023: 0 plugins completed with errors.
Wed Mar 29 21:29:23 2023: applets complete.
Wed Mar 29 21:29:23 2023: Launching applets_tln v.20120613
Wed Mar 29 21:29:23 2023: 0 plugins completed with errors.
Wed Mar 29 21:29:23 2023: applets_tln complete.
Wed Mar 29 21:29:23 2023: Launching appspecific v.20120820
Wed Mar 29 21:29:23 2023: 0 plugins completed with errors.
Wed Mar 29 21:29:23 2023: appspecific complete.
Wed Mar 29 21:29:23 2023: Launching ares v.20140730
Wed Mar 29 21:29:23 2023: 0 plugins completed with errors.
Wed Mar 29 21:29:23 2023: ares complete.
Wed Mar 29 21:29:23 2023: Launching arpcache v.20090413
Wed Mar 29 21:29:23 2023: Software\Microsoft\Windows\CurrentVersion\App Management\ARPCache not found.
Wed Mar 29 21:29:23 2023: 0 plugins completed with errors.
Wed Mar 29 21:29:23 2023: arpcache complete.
Wed Mar 29 21:29:23 2023: Launching attachmgr v.20130425
Wed Mar 29 21:29:23 2023: 0 plugins completed with errors.
Wed Mar 29 21:29:23 2023: attachmgr complete.
Wed Mar 29 21:29:23 2023: Launching attachmgr_tln v.20130425
Wed Mar 29 21:29:23 2023: 0 plugins completed with errors.
Wed Mar 29 21:29:23 2023: attachmgr_tln complete.
Wed Mar 29 21:29:23 2023: Launching autoendtasks v.20081128
Wed Mar 29 21:29:23 2023: 0 plugins completed with errors.
Wed Mar 29 21:29:23 2023: autoendtasks complete.
Wed Mar 29 21:29:23 2023: Launching autorun v.20081212
Wed Mar 29 21:29:23 2023: Software\Microsoft\Windows\CurrentVersion\Policies\Explorer not found.
Wed Mar 29 21:29:23 2023: 0 plugins completed with errors.
Wed Mar 29 21:29:23 2023: autorun complete.
Wed Mar 29 21:29:23 2023: Launching bitbucket_user v.20091020
Wed Mar 29 21:29:23 2023: 0 plugins completed with errors.
Wed Mar 29 21:29:23 2023: bitbucket_user complete.
Wed Mar 29 21:29:23 2023: Launching brisv v.20130429
Wed Mar 29 21:29:23 2023: 0 plugins completed with errors.
Wed Mar 29 21:29:23 2023: brisv complete.
Wed Mar 29 21:29:23 2023: Launching cached v.20150608
Wed Mar 29 21:29:23 2023: 0 plugins completed with errors.
Wed Mar 29 21:29:23 2023: cached complete.
Wed Mar 29 21:29:23 2023: Launching cached_tln v.20150608
Wed Mar 29 21:29:23 2023: 0 plugins completed with errors.
Wed Mar 29 21:29:23 2023: cached_tln complete.
Wed Mar 29 21:29:23 2023: Launching cain v.20110204
Wed Mar 29 21:29:23 2023: Software\Cain\Settings not found.
Wed Mar 29 21:29:23 2023: 0 plugins completed with errors.
Wed Mar 29 21:29:23 2023: cain complete.
Wed Mar 29 21:29:23 2023: Launching ccleaner v.20120128
Wed Mar 29 21:29:23 2023: 0 plugins completed with errors.
Wed Mar 29 21:29:23 2023: ccleaner complete.
Wed Mar 29 21:29:23 2023: Launching cdstaginginfo v.20131118
Wed Mar 29 21:29:23 2023: 0 plugins completed with errors.
Wed Mar 29 21:29:23 2023: cdstaginginfo complete.
Wed Mar 29 21:29:23 2023: Launching clampi v.20091019
Wed Mar 29 21:29:23 2023: 0 plugins completed with errors.
Wed Mar 29 21:29:23 2023: clampi complete.
Wed Mar 29 21:29:23 2023: Launching clampitm v.20100624
Wed Mar 29 21:29:23 2023: 0 plugins completed with errors.
Wed Mar 29 21:29:23 2023: clampitm complete.
Wed Mar 29 21:29:23 2023: Launching cmdproc v.20130425
Wed Mar 29 21:29:23 2023: 0 plugins completed with errors.
Wed Mar 29 21:29:23 2023: cmdproc complete.
Wed Mar 29 21:29:23 2023: Launching cmdproc_tln v.20130425
Wed Mar 29 21:29:23 2023: 0 plugins completed with errors.
Wed Mar 29 21:29:23 2023: cmdproc_tln complete.
Wed Mar 29 21:29:23 2023: Launching comdlg32 v.20121008
Wed Mar 29 21:29:23 2023: 0 plugins completed with errors.
Wed Mar 29 21:29:23 2023: comdlg32 complete.
Wed Mar 29 21:29:23 2023: Launching compdesc v.20080324
Wed Mar 29 21:29:23 2023: Software\Microsoft\Windows\CurrentVersion\Explorer\ComputerDescriptions not found.
Wed Mar 29 21:29:23 2023: 0 plugins completed with errors.
Wed Mar 29 21:29:23 2023: compdesc complete.
Wed Mar 29 21:29:23 2023: Launching controlpanel v.20080428
Wed Mar 29 21:29:23 2023: 0 plugins completed with errors.
Wed Mar 29 21:29:23 2023: controlpanel complete.
Wed Mar 29 21:29:23 2023: Launching cortana v20150628
Wed Mar 29 21:29:25 2023: 0 plugins completed with errors.
Wed Mar 29 21:29:25 2023: cortana complete.
Wed Mar 29 21:29:25 2023: Launching cpldontload v.20100116
Wed Mar 29 21:29:25 2023: 0 plugins completed with errors.
Wed Mar 29 21:29:25 2023: cpldontload complete.
Wed Mar 29 21:29:25 2023: Launching DDO v.20140414
Wed Mar 29 21:29:25 2023: 0 plugins completed with errors.
Wed Mar 29 21:29:25 2023: ddo complete.
Wed Mar 29 21:29:25 2023: Launching decaf v.20110210
Wed Mar 29 21:29:25 2023: Software\DECAFme not found.
Wed Mar 29 21:29:25 2023: 0 plugins completed with errors.
Wed Mar 29 21:29:25 2023: decaf complete.
Wed Mar 29 21:29:25 2023: Launching dependency_walker v.20110204
Wed Mar 29 21:29:25 2023: Software\Microsoft\Dependency Walker\Recent File List not found.
Wed Mar 29 21:29:25 2023: 0 plugins completed with errors.
Wed Mar 29 21:29:25 2023: dependency_walker complete.
Wed Mar 29 21:29:25 2023: Launching domains v.20100116
Wed Mar 29 21:29:25 2023: Software\Microsoft\Windows\CurrentVersion\Internet Settings\ZoneMap has no subkeys.
Wed Mar 29 21:29:25 2023: 0 plugins completed with errors.
Wed Mar 29 21:29:25 2023: domains complete.
Wed Mar 29 21:29:25 2023: Launching environment v.20150910
Wed Mar 29 21:29:25 2023: 0 plugins completed with errors.
Wed Mar 29 21:29:25 2023: environment complete.
Wed Mar 29 21:29:25 2023: Launching fileexts v.20080818
Wed Mar 29 21:29:25 2023: 0 plugins completed with errors.
Wed Mar 29 21:29:25 2023: fileexts complete.
Wed Mar 29 21:29:25 2023: Launching filehistory v.20120620
Wed Mar 29 21:29:25 2023: 0 plugins completed with errors.
Wed Mar 29 21:29:25 2023: filehistory complete.
Wed Mar 29 21:29:25 2023: Launching gthist v.20100218
Wed Mar 29 21:29:25 2023: 0 plugins completed with errors.
Wed Mar 29 21:29:25 2023: gthist complete.
Wed Mar 29 21:29:25 2023: Launching gtwhitelist v.20100218
Wed Mar 29 21:29:25 2023: 0 plugins completed with errors.
Wed Mar 29 21:29:25 2023: gtwhitelist complete.
Wed Mar 29 21:29:25 2023: Launching haven_and_hearth v.20110204
Wed Mar 29 21:29:25 2023: Software\JavaSoft\Prefs\haven not found.
Wed Mar 29 21:29:25 2023: 0 plugins completed with errors.
Wed Mar 29 21:29:25 2023: haven_and_hearth complete.
Wed Mar 29 21:29:25 2023: Launching identities v.20151211
Wed Mar 29 21:29:25 2023: 0 plugins completed with errors.
Wed Mar 29 21:29:25 2023: identities complete.
Wed Mar 29 21:29:25 2023: Launching iejava v.20130429
Wed Mar 29 21:29:25 2023: 0 plugins completed with errors.
Wed Mar 29 21:29:25 2023: iejava complete.
Wed Mar 29 21:29:25 2023: Launching ie_main v.20091019
Wed Mar 29 21:29:25 2023: 0 plugins completed with errors.
Wed Mar 29 21:29:25 2023: ie_main complete.
Wed Mar 29 21:29:25 2023: Launching ie_settings v.20130731
Wed Mar 29 21:29:25 2023: 0 plugins completed with errors.
Wed Mar 29 21:29:25 2023: ie_settings complete.
Wed Mar 29 21:29:25 2023: Launching ie_zones v.20140611
Wed Mar 29 21:29:25 2023: 0 plugins completed with errors.
Wed Mar 29 21:29:25 2023: ie_zones complete.
Wed Mar 29 21:29:25 2023: Launching internet_explorer_cu v.20120528
Wed Mar 29 21:29:25 2023: Software\Microsoft\Internet Explorer\AutoComplete not found.
Wed Mar 29 21:29:25 2023: Software\Microsoft\Internet Explorer\DOMStorage not found.
Wed Mar 29 21:29:25 2023: Software\Microsoft\Internet Explorer\Main\WindowsSearch not found.
Wed Mar 29 21:29:25 2023: Software\Microsoft\Internet Explorer\Privacy not found.
Wed Mar 29 21:29:25 2023: Software\Microsoft\Internet Explorer\Recovery not found.
Wed Mar 29 21:29:25 2023: 0 plugins completed with errors.
Wed Mar 29 21:29:25 2023: internet_explorer_cu complete.
Wed Mar 29 21:29:25 2023: Launching internet_settings_cu v.20120528
Wed Mar 29 21:29:25 2023: 0 plugins completed with errors.
Wed Mar 29 21:29:25 2023: internet_settings_cu complete.
Wed Mar 29 21:29:25 2023: Launching itempos v.20130514
Wed Mar 29 21:29:25 2023: 0 plugins completed with errors.
Wed Mar 29 21:29:25 2023: itempos complete.
Wed Mar 29 21:29:25 2023: Launching javafx v.20110322
Wed Mar 29 21:29:25 2023: 0 plugins completed with errors.
Wed Mar 29 21:29:25 2023: javafx complete.
Wed Mar 29 21:29:25 2023: Launching kankan v.20131011
Wed Mar 29 21:29:25 2023: 0 plugins completed with errors.
Wed Mar 29 21:29:25 2023: kankan complete.
Wed Mar 29 21:29:25 2023: Launching knowndev v.20140414
Wed Mar 29 21:29:25 2023: 0 plugins completed with errors.
Wed Mar 29 21:29:25 2023: knowndev complete.
Wed Mar 29 21:29:25 2023: Launching latentbot v.20151213
Wed Mar 29 21:29:25 2023: 0 plugins completed with errors.
Wed Mar 29 21:29:25 2023: latentbot complete.
Wed Mar 29 21:29:25 2023: Launching listsoft v.20080324
Wed Mar 29 21:29:25 2023: 0 plugins completed with errors.
Wed Mar 29 21:29:25 2023: listsoft complete.
Wed Mar 29 21:29:25 2023: Launching liveContactsGUID v.20110221
Wed Mar 29 21:29:25 2023: Software\Microsoft\Windows Live Contacts\Database not found.
Wed Mar 29 21:29:25 2023: 0 plugins completed with errors.
Wed Mar 29 21:29:25 2023: liveContactsGUID complete.
Wed Mar 29 21:29:25 2023: Launching load v.20100811
Wed Mar 29 21:29:25 2023: 0 plugins completed with errors.
Wed Mar 29 21:29:25 2023: load complete.
Wed Mar 29 21:29:25 2023: Launching logonusername v.20080324
Wed Mar 29 21:29:25 2023: 0 plugins completed with errors.
Wed Mar 29 21:29:25 2023: logonusername complete.
Wed Mar 29 21:29:25 2023: Launching menuorder v.20121005
Wed Mar 29 21:29:25 2023: 0 plugins completed with errors.
Wed Mar 29 21:29:25 2023: menuorder complete.
Wed Mar 29 21:29:25 2023: Launching mixer v.20141112
Wed Mar 29 21:29:25 2023: 0 plugins completed with errors.
Wed Mar 29 21:29:25 2023: mixer complete.
Wed Mar 29 21:29:25 2023: Launching mixer v.20141112
Wed Mar 29 21:29:25 2023: 0 plugins completed with errors.
Wed Mar 29 21:29:25 2023: mixer_tln complete.
Wed Mar 29 21:29:25 2023: Launching mmc v.20080324
Wed Mar 29 21:29:25 2023: 0 plugins completed with errors.
Wed Mar 29 21:29:25 2023: mmc complete.
Wed Mar 29 21:29:25 2023: Launching mmc v.20120828
Wed Mar 29 21:29:25 2023: 0 plugins completed with errors.
Wed Mar 29 21:29:25 2023: mmc_tln complete.
Wed Mar 29 21:29:25 2023: Launching mmo v.20130217
Wed Mar 29 21:29:25 2023: 0 plugins completed with errors.
Wed Mar 29 21:29:25 2023: mmo complete.
Wed Mar 29 21:29:25 2023: Launching mndmru v.20080324
Wed Mar 29 21:29:25 2023: Software\Microsoft\Windows\CurrentVersion\Explorer\Map Network Drive MRU not found.
Wed Mar 29 21:29:25 2023: 0 plugins completed with errors.
Wed Mar 29 21:29:25 2023: mndmru complete.
Wed Mar 29 21:29:25 2023: Launching mndmru v.20120829
Wed Mar 29 21:29:25 2023: 0 plugins completed with errors.
Wed Mar 29 21:29:25 2023: mndmru_tln complete.
Wed Mar 29 21:29:25 2023: Launching mp2 v.20120330
Wed Mar 29 21:29:25 2023: 0 plugins completed with errors.
Wed Mar 29 21:29:25 2023: mp2 complete.
Wed Mar 29 21:29:25 2023: Launching mp3 v.20120330
Wed Mar 29 21:29:25 2023: 0 plugins completed with errors.
Wed Mar 29 21:29:25 2023: mp3 complete.
Wed Mar 29 21:29:25 2023: Launching mpmru v.20080324
Wed Mar 29 21:29:25 2023: Software\Microsoft\MediaPlayer\Player\RecentFileList not found.
Wed Mar 29 21:29:25 2023: 0 plugins completed with errors.
Wed Mar 29 21:29:25 2023: mpmru complete.
Wed Mar 29 21:29:25 2023: Launching mspaper v.20080324
Wed Mar 29 21:29:25 2023: SOFTWARE\Microsoft\MSPaper* not found.
Wed Mar 29 21:29:25 2023: 0 plugins completed with errors.
Wed Mar 29 21:29:25 2023: mspaper complete.
Wed Mar 29 21:29:25 2023: Launching muicache v.20130425
Wed Mar 29 21:29:25 2023: 0 plugins completed with errors.
Wed Mar 29 21:29:25 2023: muicache complete.
Wed Mar 29 21:29:25 2023: Launching muicache_tln v.20130425
Wed Mar 29 21:29:25 2023: 0 plugins completed with errors.
Wed Mar 29 21:29:25 2023: muicache_tln complete.
Wed Mar 29 21:29:25 2023: Launching nero v.20100218
Wed Mar 29 21:29:25 2023: 0 plugins completed with errors.
Wed Mar 29 21:29:25 2023: nero complete.
Wed Mar 29 21:29:25 2023: Launching netassist v.20110427
Wed Mar 29 21:29:25 2023: Software\Mozilla\Firefox\Extensions not found.
Wed Mar 29 21:29:25 2023: Software\Microsoft\Windows\CurrentVersion\Uninstall\NetAssistant not found.
Wed Mar 29 21:29:25 2023: Software\Microsoft\Installer\Products\D4676621F4CF7AF46BB388D4351B86F0 not found.
Wed Mar 29 21:29:25 2023: Software\Microsoft\Installer\Products\D4676621F4CF7AF46BB388D4351B86F0\SourceList not found.
Wed Mar 29 21:29:25 2023: 0 plugins completed with errors.
Wed Mar 29 21:29:25 2023: netassist complete.
Wed Mar 29 21:29:25 2023: Launching ntusernetwork v.20110601
Wed Mar 29 21:29:25 2023: 0 plugins completed with errors.
Wed Mar 29 21:29:25 2023: ntusernetwork complete.
Wed Mar 29 21:29:25 2023: Launching odysseus v.20110202
Wed Mar 29 21:29:25 2023: Software\bindshell.net\Odysseus not found.
Wed Mar 29 21:29:25 2023: 0 plugins completed with errors.
Wed Mar 29 21:29:25 2023: odysseus complete.
Wed Mar 29 21:29:25 2023: Launching officedocs v.20080324
Wed Mar 29 21:29:25 2023: MSOffice version not found.
Wed Mar 29 21:29:25 2023: 0 plugins completed with errors.
Wed Mar 29 21:29:25 2023: officedocs complete.
Wed Mar 29 21:29:25 2023: Launching officedocs2010 v.2011090
Wed Mar 29 21:29:25 2023: MSOffice version not found.
Wed Mar 29 21:29:25 2023: 0 plugins completed with errors.
Wed Mar 29 21:29:25 2023: officedocs2010 complete.
Wed Mar 29 21:29:25 2023: Launching officedocs2010 v.20120717
Wed Mar 29 21:29:25 2023: MSOffice version not found.
Wed Mar 29 21:29:25 2023: 0 plugins completed with errors.
Wed Mar 29 21:29:25 2023: officedocs2010_tln complete.
Wed Mar 29 21:29:25 2023: Launching oisc v.20091125
Wed Mar 29 21:29:25 2023: 0 plugins completed with errors.
Wed Mar 29 21:29:25 2023: oisc complete.
Wed Mar 29 21:29:25 2023: Launching olsearch v.20130124
Wed Mar 29 21:29:25 2023: 0 plugins completed with errors.
Wed Mar 29 21:29:25 2023: olsearch complete.
Wed Mar 29 21:29:25 2023: Launching osversion v.20120601
Wed Mar 29 21:29:25 2023: 0 plugins completed with errors.
Wed Mar 29 21:29:25 2023: osversion complete.
Wed Mar 29 21:29:25 2023: Launching osversion_tln v.20120608
Wed Mar 29 21:29:25 2023: 0 plugins completed with errors.
Wed Mar 29 21:29:25 2023: osversion_tln complete.
Wed Mar 29 21:29:25 2023: Launching outlook v.20100218
Wed Mar 29 21:29:25 2023: 0 plugins completed with errors.
Wed Mar 29 21:29:25 2023: outlook complete.
Wed Mar 29 21:29:25 2023: Launching outlook2 v.20130308
Wed Mar 29 21:29:25 2023: 0 plugins completed with errors.
Wed Mar 29 21:29:25 2023: outlook2 complete.
Wed Mar 29 21:29:25 2023: Launching policies_u v.20091021
Wed Mar 29 21:29:25 2023: 0 plugins completed with errors.
Wed Mar 29 21:29:25 2023: policies_u complete.
Wed Mar 29 21:29:25 2023: Launching printermru v.20091125
Wed Mar 29 21:29:25 2023: 0 plugins completed with errors.
Wed Mar 29 21:29:25 2023: printermru complete.
Wed Mar 29 21:29:25 2023: Launching printers v.20090223
Wed Mar 29 21:29:25 2023: 0 plugins completed with errors.
Wed Mar 29 21:29:25 2023: printers complete.
Wed Mar 29 21:29:25 2023: Launching privoxy v.20110204
Wed Mar 29 21:29:25 2023: Software\Privoxy not found.
Wed Mar 29 21:29:25 2023: 0 plugins completed with errors.
Wed Mar 29 21:29:25 2023: privoxy complete.
Wed Mar 29 21:29:25 2023: Launching profiler v.20140510
Wed Mar 29 21:29:25 2023: 0 plugins completed with errors.
Wed Mar 29 21:29:25 2023: profiler complete.
Wed Mar 29 21:29:25 2023: Launching proxysettings v.20081224
Wed Mar 29 21:29:25 2023: 0 plugins completed with errors.
Wed Mar 29 21:29:25 2023: proxysettings complete.
Wed Mar 29 21:29:25 2023: Launching publishingwizard v.20110202
Wed Mar 29 21:29:25 2023: Software\Microsoft\Windows\CurrentVersion\Explorer\PublishingWizard\AddNetworkPlace\AddNetPlace\LocationMRU not found.
Wed Mar 29 21:29:25 2023: 0 plugins completed with errors.
Wed Mar 29 21:29:25 2023: publishingwizard complete.
Wed Mar 29 21:29:25 2023: Launching putty v.20110204
Wed Mar 29 21:29:25 2023: Software\SimonTatham\PuTTY\SshHostKeys not found.
Wed Mar 29 21:29:25 2023: 0 plugins completed with errors.
Wed Mar 29 21:29:25 2023: putty complete.
Wed Mar 29 21:29:25 2023: Launching rdphint v.20090715
Wed Mar 29 21:29:25 2023: 0 plugins completed with errors.
Wed Mar 29 21:29:25 2023: rdphint complete.
Wed Mar 29 21:29:25 2023: Launching reading_locations v.20140130
Wed Mar 29 21:29:25 2023: 0 plugins completed with errors.
Wed Mar 29 21:29:25 2023: reading_locations complete.
Wed Mar 29 21:29:25 2023: Launching realplayer6 v.20080324
Wed Mar 29 21:29:25 2023: 0 plugins completed with errors.
Wed Mar 29 21:29:25 2023: realplayer6 complete.
Wed Mar 29 21:29:25 2023: Launching realvnc v.20091125
Wed Mar 29 21:29:25 2023: 0 plugins completed with errors.
Wed Mar 29 21:29:25 2023: realvnc complete.
Wed Mar 29 21:29:25 2023: Launching recentdocs v.20100405
Wed Mar 29 21:29:25 2023: 0 plugins completed with errors.
Wed Mar 29 21:29:25 2023: recentdocs complete.
Wed Mar 29 21:29:25 2023: Launching recentdocs_tln v.20140220
Wed Mar 29 21:29:25 2023: 0 plugins completed with errors.
Wed Mar 29 21:29:25 2023: recentdocs_tln complete.
Wed Mar 29 21:29:25 2023: Launching reveton v.20131010
Wed Mar 29 21:29:25 2023: 0 plugins completed with errors.
Wed Mar 29 21:29:25 2023: reveton complete.
Wed Mar 29 21:29:25 2023: Launching rootkit_revealer v.20110204
Wed Mar 29 21:29:25 2023: Software\Sysinternals\RootkitRevealer not found.
Wed Mar 29 21:29:25 2023: 0 plugins completed with errors.
Wed Mar 29 21:29:25 2023: rootkit_revealer complete.
Wed Mar 29 21:29:25 2023: Launching runmru v.20080324
Wed Mar 29 21:29:25 2023: 0 plugins completed with errors.
Wed Mar 29 21:29:25 2023: runmru complete.
Wed Mar 29 21:29:25 2023: Launching runmru v.20120828
Wed Mar 29 21:29:25 2023: 0 plugins completed with errors.
Wed Mar 29 21:29:25 2023: runmru_tln complete.
Wed Mar 29 21:29:25 2023: Launching 7-zip v.20130315
Wed Mar 29 21:29:25 2023: 0 plugins completed with errors.
Wed Mar 29 21:29:25 2023: sevenzip complete.
Wed Mar 29 21:29:25 2023: Launching shc v.20130412
Wed Mar 29 21:29:25 2023: 0 plugins completed with errors.
Wed Mar 29 21:29:25 2023: shc complete.
Wed Mar 29 21:29:25 2023: Launching shellbags_xp v.20130102
Wed Mar 29 21:29:25 2023: 0 plugins completed with errors.
Wed Mar 29 21:29:25 2023: shellbags_xp complete.
Wed Mar 29 21:29:25 2023: Launching shellfolders v.20090115
Wed Mar 29 21:29:25 2023: 0 plugins completed with errors.
Wed Mar 29 21:29:25 2023: shellfolders complete.
Wed Mar 29 21:29:25 2023: Launching acmru v.20100713
Wed Mar 29 21:29:25 2023: 0 plugins completed with errors.
Wed Mar 29 21:29:25 2023: skype complete.
Wed Mar 29 21:29:25 2023: Launching snapshot_viewer v.20110210
Wed Mar 29 21:29:25 2023: 0 plugins completed with errors.
Wed Mar 29 21:29:25 2023: snapshot_viewer complete.
Wed Mar 29 21:29:25 2023: Launching ssh_host_keys v.20120809

Wed Mar 29 21:29:25 2023: 0 plugins completed with errors.
Wed Mar 29 21:29:25 2023: ssh_host_keys complete.
Wed Mar 29 21:29:25 2023: Launching startmenuinternetapps_cu v.20101219
Wed Mar 29 21:29:25 2023: 0 plugins completed with errors.
Wed Mar 29 21:29:25 2023: startmenuinternetapps_cu complete.
Wed Mar 29 21:29:25 2023: Launching startpage v.20100330
Wed Mar 29 21:29:25 2023: 0 plugins completed with errors.
Wed Mar 29 21:29:25 2023: startpage complete.
Wed Mar 29 21:29:25 2023: Launching startup v.20131028
Wed Mar 29 21:29:25 2023: 0 plugins completed with errors.
Wed Mar 29 21:29:25 2023: startup complete.
Wed Mar 29 21:29:25 2023: Launching sysinternals v.20080324
Wed Mar 29 21:29:25 2023: 0 plugins completed with errors.
Wed Mar 29 21:29:25 2023: sysinternals complete.
Wed Mar 29 21:29:25 2023: Launching sysinternals_tln v.20080324
Wed Mar 29 21:29:25 2023: 0 plugins completed with errors.
Wed Mar 29 21:29:25 2023: sysinternals_tln complete.
Wed Mar 29 21:29:25 2023: Launching  trustrecords v.20160224
Wed Mar 29 21:29:25 2023: 0 plugins completed with errors.
Wed Mar 29 21:29:25 2023: trustrecords complete.
Wed Mar 29 21:29:25 2023: Launching  trustrecords_tln v.20160224
Wed Mar 29 21:29:25 2023: 0 plugins completed with errors.
Wed Mar 29 21:29:25 2023: trustrecords_tln complete.
Wed Mar 29 21:29:25 2023: Launching tsclient v.20120827
Wed Mar 29 21:29:25 2023: 0 plugins completed with errors.
Wed Mar 29 21:29:25 2023: tsclient complete.
Wed Mar 29 21:29:25 2023: Launching tsclient v.20120827
Wed Mar 29 21:29:25 2023: 0 plugins completed with errors.
Wed Mar 29 21:29:25 2023: tsclient_tln complete.
Wed Mar 29 21:29:25 2023: Launching typedpaths v.20100330
Wed Mar 29 21:29:25 2023: 0 plugins completed with errors.
Wed Mar 29 21:29:25 2023: typedpaths complete.
Wed Mar 29 21:29:25 2023: Launching typedpaths v.20120828
Wed Mar 29 21:29:25 2023: 0 plugins completed with errors.
Wed Mar 29 21:29:25 2023: typedpaths_tln complete.
Wed Mar 29 21:29:25 2023: Launching typedurls v.20080324
Wed Mar 29 21:29:25 2023: 0 plugins completed with errors.
Wed Mar 29 21:29:25 2023: typedurls complete.
Wed Mar 29 21:29:25 2023: Launching typedurlstime v.20120613
Wed Mar 29 21:29:25 2023: 0 plugins completed with errors.
Wed Mar 29 21:29:25 2023: typedurlstime complete.
Wed Mar 29 21:29:25 2023: Launching typedurlstime v.20120613
Wed Mar 29 21:29:25 2023: 0 plugins completed with errors.
Wed Mar 29 21:29:25 2023: typedurlstime_tln complete.
Wed Mar 29 21:29:25 2023: Launching typedurls v.20120827
Wed Mar 29 21:29:25 2023: 0 plugins completed with errors.
Wed Mar 29 21:29:25 2023: typedurls_tln complete.
Wed Mar 29 21:29:25 2023: Launching unreadmail v.20100218
Wed Mar 29 21:29:25 2023: 0 plugins completed with errors.
Wed Mar 29 21:29:25 2023: unreadmail complete.
Wed Mar 29 21:29:25 2023: Launching urun_tln v.20130425
Wed Mar 29 21:29:25 2023: 0 plugins completed with errors.
Wed Mar 29 21:29:25 2023: urun_tln complete.
Wed Mar 29 21:29:25 2023: Launching userassist v.20170204
Wed Mar 29 21:29:26 2023: 0 plugins completed with errors.
Wed Mar 29 21:29:26 2023: userassist complete.
Wed Mar 29 21:29:26 2023: Launching userassist_tln v.20130603
Wed Mar 29 21:29:26 2023: 0 plugins completed with errors.
Wed Mar 29 21:29:26 2023: userassist_tln complete.
Wed Mar 29 21:29:26 2023: Launching userinfo v.20130513
Wed Mar 29 21:29:26 2023: 0 plugins completed with errors.
Wed Mar 29 21:29:26 2023: userinfo complete.
Wed Mar 29 21:29:26 2023: Launching userlocsvc v.20090411
Wed Mar 29 21:29:26 2023: 0 plugins completed with errors.
Wed Mar 29 21:29:26 2023: userlocsvc complete.
Wed Mar 29 21:29:26 2023: Launching user_run v.20140115
Wed Mar 29 21:29:26 2023: 0 plugins completed with errors.
Wed Mar 29 21:29:26 2023: user_run complete.
Wed Mar 29 21:29:26 2023: Launching user_win v.20080415
Wed Mar 29 21:29:26 2023: 0 plugins completed with errors.
Wed Mar 29 21:29:26 2023: user_win complete.
Wed Mar 29 21:29:26 2023: Launching vawtrak v.20131010
Wed Mar 29 21:29:26 2023: 0 plugins completed with errors.
Wed Mar 29 21:29:26 2023: vawtrak complete.
Wed Mar 29 21:29:26 2023: Launching vista_bitbucket v.20080420
Wed Mar 29 21:29:26 2023: 0 plugins completed with errors.
Wed Mar 29 21:29:26 2023: vista_bitbucket complete.
Wed Mar 29 21:29:26 2023: Launching vmplayer v.20110204
Wed Mar 29 21:29:26 2023: Software\VMware, Inc.\VMware Player\VMplayer\Window position not found.
Wed Mar 29 21:29:26 2023: 0 plugins completed with errors.
Wed Mar 29 21:29:26 2023: vmplayer complete.
Wed Mar 29 21:29:26 2023: Launching vmware_vsphere_client v.20110204
Wed Mar 29 21:29:26 2023: 0 plugins completed with errors.
Wed Mar 29 21:29:26 2023: vmware_vsphere_client complete.
Wed Mar 29 21:29:26 2023: Launching vnchookapplicationprefs v.20110208
Wed Mar 29 21:29:26 2023: Software\ORL\VNCHooks\Application_Prefs not found.
Wed Mar 29 21:29:26 2023: 0 plugins completed with errors.
Wed Mar 29 21:29:26 2023: vnchooksapplicationprefs complete.
Wed Mar 29 21:29:26 2023: Launching vncviewer v.20121231
Wed Mar 29 21:29:26 2023: 0 plugins completed with errors.
Wed Mar 29 21:29:26 2023: vncviewer complete.
Wed Mar 29 21:29:26 2023: Launching wallpaper v.200800810
Wed Mar 29 21:29:26 2023: Software\Microsoft\Windows\CurrentVersion\Explorer\Wallpaper\MRU not found.
Wed Mar 29 21:29:26 2023: 0 plugins completed with errors.
Wed Mar 29 21:29:26 2023: wallpaper complete.
Wed Mar 29 21:29:26 2023: Launching warcraft3 v.20110202
Wed Mar 29 21:29:26 2023: Software\Blizzard Entertainment\Warcraft III\String not found.
Wed Mar 29 21:29:26 2023: 0 plugins completed with errors.
Wed Mar 29 21:29:26 2023: warcraft3 complete.
Wed Mar 29 21:29:26 2023: Launching winlogon_u v.20130425
Wed Mar 29 21:29:26 2023: 0 plugins completed with errors.
Wed Mar 29 21:29:26 2023: winlogon_u complete.
Wed Mar 29 21:29:26 2023: Launching winrar v.20080819
Wed Mar 29 21:29:26 2023: Software\WinRAR\ArcHistory not found.
Wed Mar 29 21:29:26 2023: 0 plugins completed with errors.
Wed Mar 29 21:29:26 2023: winrar complete.
Wed Mar 29 21:29:26 2023: Launching winrar2 v.20150820
Wed Mar 29 21:29:26 2023: 0 plugins completed with errors.
Wed Mar 29 21:29:26 2023: winrar2 complete.
Wed Mar 29 21:29:26 2023: Launching winrar v.20120829
Wed Mar 29 21:29:26 2023: 0 plugins completed with errors.
Wed Mar 29 21:29:26 2023: winrar_tln complete.
Wed Mar 29 21:29:26 2023: Launching winscp v.20140203
Wed Mar 29 21:29:26 2023: 0 plugins completed with errors.
Wed Mar 29 21:29:26 2023: winscp complete.
Wed Mar 29 21:29:26 2023: Launching winscp_sessions v.20120809

Wed Mar 29 21:29:26 2023: "Software\Martin Prikryl\WinSCP 2\Sessions" does not exist
Wed Mar 29 21:29:26 2023: 0 plugins completed with errors.
Wed Mar 29 21:29:26 2023: winscp_sessions complete.
Wed Mar 29 21:29:26 2023: Launching winvnc v.20110202
Wed Mar 29 21:29:26 2023: Software\ORL\WinVNC3 not found.
Wed Mar 29 21:29:26 2023: Software\ORL\WinVNC3\Default not found.
Wed Mar 29 21:29:26 2023: Software\ORL\WinVNC\Default not found.
Wed Mar 29 21:29:26 2023: Software\RealVNC\WinVNC4 not found.
Wed Mar 29 21:29:26 2023: Software\RealVNC\Default not found.
Wed Mar 29 21:29:26 2023: 0 plugins completed with errors.
Wed Mar 29 21:29:26 2023: winvnc complete.
Wed Mar 29 21:29:26 2023: Launching WinZip v.20140730
Wed Mar 29 21:29:26 2023: 0 plugins completed with errors.
Wed Mar 29 21:29:26 2023: winzip complete.
Wed Mar 29 21:29:26 2023: Launching wordwheelquery v.20100330
Wed Mar 29 21:29:26 2023: 0 plugins completed with errors.
Wed Mar 29 21:29:26 2023: wordwheelquery complete.
Wed Mar 29 21:29:26 2023: Launching yahoo_cu v.20101219
Wed Mar 29 21:29:26 2023: Software\Yahoo\pager not found.
Wed Mar 29 21:29:26 2023: 0 plugins completed with errors.
Wed Mar 29 21:29:26 2023: yahoo_cu complete.
